<?xml version="1.0" encoding="UTF-8"?>
<!-- Generated by org.testng.reporters.JUnitReportReporter -->
<testsuite hostname="deepak" failures="0" tests="1" name="com.ra.practice.RemoveDataFromPost" time="4.721" errors="0" timestamp="2020-08-27T21:20:31 IST" skipped="0">
  <testcase classname="com.ra.practice.RemoveDataFromPost" name="deleteData" time="4.721"/>
</testsuite> <!-- com.ra.practice.RemoveDataFromPost -->
