<?xml version="1.0" encoding="UTF-8"?>
<!-- Generated by org.testng.reporters.JUnitReportReporter -->
<testsuite hostname="deepak" failures="0" tests="1" name="com.ra.practice.DemoJsonPath" time="7.929" errors="0" timestamp="2020-09-01T08:48:31 IST" skipped="0">
  <testcase classname="com.ra.practice.DemoJsonPath" name="checkJsonPath" time="7.929"/>
</testsuite> <!-- com.ra.practice.DemoJsonPath -->
