<?xml version="1.0" encoding="UTF-8"?>
<!-- Generated by org.testng.reporters.JUnitReportReporter -->
<testsuite hostname="deepak" failures="0" tests="1" name="com.restcountries.apiTesting.FetchData" time="6.803" errors="0" timestamp="2020-09-02T21:14:39 IST" skipped="0">
  <testcase classname="com.restcountries.apiTesting.FetchData" name="fetchDataFrmRestCountries" time="6.803"/>
</testsuite> <!-- com.restcountries.apiTesting.FetchData -->
