<?xml version="1.0" encoding="UTF-8"?>
<!-- Generated by org.testng.reporters.JUnitReportReporter -->
<testsuite hostname="deepak" failures="0" tests="1" name="com.google.apiTesting.FetchGoogleApi" time="6.106" errors="0" timestamp="2020-09-03T01:02:26 IST" skipped="0">
  <testcase classname="com.google.apiTesting.FetchGoogleApi" name="fatchBookInfo" time="6.106"/>
</testsuite> <!-- com.google.apiTesting.FetchGoogleApi -->
