<?xml version="1.0" encoding="UTF-8"?>
<!-- Generated by org.testng.reporters.JUnitReportReporter -->
<testsuite hostname="deepak" failures="0" tests="1" name="com.ra.practice.RemoveDataFromComments" time="3.364" errors="0" timestamp="2020-08-28T18:52:51 IST" skipped="0">
  <testcase classname="com.ra.practice.RemoveDataFromComments" name="deleteData" time="3.364"/>
</testsuite> <!-- com.ra.practice.RemoveDataFromComments -->
