<?xml version="1.0" encoding="UTF-8"?>
<!-- Generated by org.testng.reporters.JUnitReportReporter -->
<testsuite hostname="deepak" failures="0" tests="3" name="com.ra.practice.InsertDataToposts" time="3.738" errors="0" timestamp="2020-08-28T19:22:28 IST" skipped="0">
  <testcase classname="com.ra.practice.InsertDataToposts" name="patchData" time="3.503"/>
  <testcase classname="com.ra.practice.InsertDataToposts" name="putData" time="0.099"/>
  <testcase classname="com.ra.practice.InsertDataToposts" name="postData" time="0.136"/>
</testsuite> <!-- com.ra.practice.InsertDataToposts -->
