<?xml version="1.0" encoding="UTF-8"?>
<!-- Generated by org.testng.reporters.JUnitReportReporter -->
<testsuite hostname="deepak" failures="0" tests="1" name="com.ra.practice.AddingComplexObejectToApi" time="7.039" errors="0" timestamp="2020-09-01T08:39:17 IST" skipped="0">
  <testcase classname="com.ra.practice.AddingComplexObejectToApi" name="createComplexData" time="7.039"/>
</testsuite> <!-- com.ra.practice.AddingComplexObejectToApi -->
