<?xml version="1.0" encoding="UTF-8"?>
<!-- Generated by org.testng.reporters.JUnitReportReporter -->
<testsuite hostname="deepak" failures="0" tests="1" name="com.ra.practice.FetchDataFromPosts" time="3.092" errors="0" timestamp="2020-08-28T19:00:32 IST" skipped="0">
  <testcase classname="com.ra.practice.FetchDataFromPosts" name="getData" time="3.092"/>
</testsuite> <!-- com.ra.practice.FetchDataFromPosts -->
