<?xml version="1.0" encoding="UTF-8"?>
<!-- Generated by org.testng.reporters.JUnitReportReporter -->
<testsuite hostname="deepak" failures="0" tests="1" name="com.restcountries.apiTesting.FetchDataFromAllCountry" time="8.517" errors="0" timestamp="2020-09-02T20:55:59 IST" skipped="0">
  <testcase classname="com.restcountries.apiTesting.FetchDataFromAllCountry" name="getCapital" time="8.517"/>
</testsuite> <!-- com.restcountries.apiTesting.FetchDataFromAllCountry -->
