<?xml version="1.0" encoding="UTF-8"?>
<!-- Generated by org.testng.reporters.JUnitReportReporter -->
<testsuite hostname="deepak" failures="0" tests="4" name="com.restcountries.apiTesting.FetchCurrencies" time="10.953" errors="0" timestamp="2020-09-02T21:36:02 IST" skipped="0">
  <testcase classname="com.restcountries.apiTesting.FetchCurrencies" name="fetchCurrencyByIndex" time="2.199"/>
  <testcase classname="com.restcountries.apiTesting.FetchCurrencies" name="fetchAllCurrencies" time="5.670"/>
  <testcase classname="com.restcountries.apiTesting.FetchCurrencies" name="fetchCurrenyByNationName" time="1.000"/>
  <testcase classname="com.restcountries.apiTesting.FetchCurrencies" name="fetchCurrenyByTheCountryName" time="2.084"/>
</testsuite> <!-- com.restcountries.apiTesting.FetchCurrencies -->
