<?xml version="1.0" encoding="UTF-8"?>
<!-- Generated by org.testng.reporters.JUnitReportReporter -->
<testsuite hostname="deepak" failures="0" tests="1" name="com.ra.practice.FetchAllCountry" time="13.723" errors="0" timestamp="2020-09-02T14:43:40 IST" skipped="0">
  <testcase classname="com.ra.practice.FetchAllCountry" name="getData" time="13.723"/>
</testsuite> <!-- com.ra.practice.FetchAllCountry -->
